[2024-06-05 04:09:39 UTC+8] [DEBUG] [logger.py line 32] Deleted log file: logs/log_20240528.log
[2024-06-05 04:09:39 UTC+8] [INFO] [utils.py line 38] Load config environment variable 'WEIBO_PARAMS'.
[2024-06-05 04:09:41 UTC+8] [INFO] [main.py line 86] SuperTalk 郑州大学 sign-in failed.
[2024-06-05 04:09:42 UTC+8] [INFO] [main.py line 86] SuperTalk Steam sign-in failed.
[2024-06-05 04:09:43 UTC+8] [INFO] [main.py line 86] SuperTalk gta sign-in failed.
[2024-06-05 04:09:44 UTC+8] [INFO] [main.py line 86] SuperTalk 龚俊 sign-in failed.
[2024-06-05 04:09:44 UTC+8] [INFO] [main.py line 93] 
*************************
  Date: 2024-06-05
  SuperTalk: 郑州大学
  Level: 11
  Status: False
*************************
  Date: 2024-06-05
  SuperTalk: Steam
  Level: 10
  Status: False
*************************
  Date: 2024-06-05
  SuperTalk: gta
  Level: 9
  Status: False
*************************
  Date: 2024-06-05
  SuperTalk: 龚俊
  Level: 8
  Status: False
*************************
[2024-06-05 04:09:44 UTC+8] [INFO] [utils.py line 107] Preparing to send notification ...
[2024-06-05 04:09:45 UTC+8] [INFO] [utils.py line 110] Message delivered to user ...
