[2024-06-01 04:09:36 UTC+8] [DEBUG] [logger.py line 32] Deleted log file: logs/log_20240525.log
[2024-06-01 04:09:36 UTC+8] [INFO] [utils.py line 38] Load config environment variable 'WEIBO_PARAMS'.
[2024-06-01 04:09:39 UTC+8] [INFO] [main.py line 84] Successfully signed in 郑州大学.
[2024-06-01 04:09:40 UTC+8] [INFO] [main.py line 84] Successfully signed in Steam.
[2024-06-01 04:09:41 UTC+8] [INFO] [main.py line 84] Successfully signed in gta.
[2024-06-01 04:09:42 UTC+8] [INFO] [main.py line 84] Successfully signed in 龚俊.
[2024-06-01 04:09:42 UTC+8] [INFO] [main.py line 93] 
*************************
  Date: 2024-06-01
  SuperTalk: 郑州大学
  Level: 11
  Status: True
*************************
  Date: 2024-06-01
  SuperTalk: Steam
  Level: 10
  Status: True
*************************
  Date: 2024-06-01
  SuperTalk: gta
  Level: 9
  Status: True
*************************
  Date: 2024-06-01
  SuperTalk: 龚俊
  Level: 8
  Status: True
*************************
