[2023-10-17 04:09:31 UTC+8] [DEBUG] [logger.py line 32] Deleted log file: logs/log_20231003.log
[2023-10-17 04:09:31 UTC+8] [INFO] [utils.py line 38] Load config environment variable 'WEIBO_PARAMS'.
[2023-10-17 04:09:35 UTC+8] [INFO] [main.py line 84] Successfully signed in 郑州大学.
[2023-10-17 04:09:36 UTC+8] [INFO] [main.py line 84] Successfully signed in Steam.
[2023-10-17 04:09:37 UTC+8] [INFO] [main.py line 84] Successfully signed in 西安电子科技大学.
[2023-10-17 04:09:38 UTC+8] [INFO] [main.py line 84] Successfully signed in gta.
[2023-10-17 04:09:38 UTC+8] [INFO] [main.py line 93] 
*************************
  Date: 2023-10-17
  SuperTalk: 郑州大学
  Level: 11
  Status: True
*************************
  Date: 2023-10-17
  SuperTalk: Steam
  Level: 7
  Status: True
*************************
  Date: 2023-10-17
  SuperTalk: 西安电子科技大学
  Level: 6
  Status: True
*************************
  Date: 2023-10-17
  SuperTalk: gta
  Level: 5
  Status: True
*************************
