[2024-06-06 04:10:31 UTC+8] [DEBUG] [logger.py line 32] Deleted log file: logs/log_20240529.log
[2024-06-06 04:10:31 UTC+8] [INFO] [utils.py line 38] Load config environment variable 'WEIBO_PARAMS'.
[2024-06-06 04:10:34 UTC+8] [INFO] [main.py line 84] Successfully signed in 郑州大学.
[2024-06-06 04:10:35 UTC+8] [INFO] [main.py line 86] SuperTalk Steam sign-in failed.
[2024-06-06 04:10:36 UTC+8] [INFO] [main.py line 86] SuperTalk gta sign-in failed.
[2024-06-06 04:10:37 UTC+8] [INFO] [main.py line 86] SuperTalk 龚俊 sign-in failed.
[2024-06-06 04:10:37 UTC+8] [INFO] [main.py line 93] 
*************************
  Date: 2024-06-06
  SuperTalk: 郑州大学
  Level: 11
  Status: True
*************************
  Date: 2024-06-06
  SuperTalk: Steam
  Level: 10
  Status: False
*************************
  Date: 2024-06-06
  SuperTalk: gta
  Level: 9
  Status: False
*************************
  Date: 2024-06-06
  SuperTalk: 龚俊
  Level: 8
  Status: False
*************************
[2024-06-06 04:10:37 UTC+8] [INFO] [utils.py line 107] Preparing to send notification ...
[2024-06-06 04:10:38 UTC+8] [INFO] [utils.py line 110] Message delivered to user ...
