[2023-10-09 04:07:49 UTC+8] [DEBUG] [logger.py line 32] Deleted log file: logs/log_20230925.log
[2023-10-09 04:07:49 UTC+8] [INFO] [utils.py line 38] Load config environment variable 'WEIBO_PARAMS'.
[2023-10-09 04:07:52 UTC+8] [INFO] [main.py line 84] Successfully signed in 郑州大学.
[2023-10-09 04:07:53 UTC+8] [INFO] [main.py line 84] Successfully signed in Steam.
[2023-10-09 04:07:54 UTC+8] [INFO] [main.py line 84] Successfully signed in 西安电子科技大学.
[2023-10-09 04:07:55 UTC+8] [INFO] [main.py line 84] Successfully signed in gta.
[2023-10-09 04:07:55 UTC+8] [INFO] [main.py line 93] 
*************************
  Date: 2023-10-09
  SuperTalk: 郑州大学
  Level: 11
  Status: True
*************************
  Date: 2023-10-09
  SuperTalk: Steam
  Level: 6
  Status: True
*************************
  Date: 2023-10-09
  SuperTalk: 西安电子科技大学
  Level: 6
  Status: True
*************************
  Date: 2023-10-09
  SuperTalk: gta
  Level: 4
  Status: True
*************************
