[2023-09-27 04:09:05 UTC+8] [INFO] [main.py line 76] Successfully signed in 郑州大学.
[2023-09-27 04:09:06 UTC+8] [INFO] [main.py line 76] Successfully signed in Steam.
[2023-09-27 04:09:07 UTC+8] [INFO] [main.py line 76] Successfully signed in 西安电子科技大学.
[2023-09-27 04:09:07 UTC+8] [INFO] [main.py line 85] 
*************************
  Date: 2023-09-27
  SuperTalk: 郑州大学
  Level: 11
  Status: True
*************************
  Date: 2023-09-27
  SuperTalk: Steam
  Level: 5
  Status: True
*************************
  Date: 2023-09-27
  SuperTalk: 西安电子科技大学
  Level: 5
  Status: True
*************************
