[2023-10-01 04:07:57 UTC+8] [DEBUG] [logger.py line 32] Deleted log file: logs/log_20230917.log
[2023-10-01 04:08:00 UTC+8] [INFO] [main.py line 76] Successfully signed in 郑州大学.
[2023-10-01 04:08:01 UTC+8] [INFO] [main.py line 76] Successfully signed in Steam.
[2023-10-01 04:08:02 UTC+8] [INFO] [main.py line 76] Successfully signed in 西安电子科技大学.
[2023-10-01 04:08:02 UTC+8] [INFO] [main.py line 85] 
*************************
  Date: 2023-10-01
  SuperTalk: 郑州大学
  Level: 11
  Status: True
*************************
  Date: 2023-10-01
  SuperTalk: Steam
  Level: 5
  Status: True
*************************
  Date: 2023-10-01
  SuperTalk: 西安电子科技大学
  Level: 5
  Status: True
*************************
