[2023-11-10 04:09:04 UTC+8] [DEBUG] [logger.py line 32] Deleted log file: logs/log_20231027.log
[2023-11-10 04:09:04 UTC+8] [INFO] [utils.py line 38] Load config environment variable 'WEIBO_PARAMS'.
[2023-11-10 04:09:06 UTC+8] [INFO] [main.py line 84] Successfully signed in 郑州大学.
[2023-11-10 04:09:07 UTC+8] [INFO] [main.py line 84] Successfully signed in gta.
[2023-11-10 04:09:07 UTC+8] [INFO] [main.py line 84] Successfully signed in Steam.
[2023-11-10 04:09:08 UTC+8] [INFO] [main.py line 84] Successfully signed in 西安电子科技大学.
[2023-11-10 04:09:08 UTC+8] [INFO] [main.py line 93] 
*************************
  Date: 2023-11-10
  SuperTalk: 郑州大学
  Level: 11
  Status: True
*************************
  Date: 2023-11-10
  SuperTalk: gta
  Level: 7
  Status: True
*************************
  Date: 2023-11-10
  SuperTalk: Steam
  Level: 7
  Status: True
*************************
  Date: 2023-11-10
  SuperTalk: 西安电子科技大学
  Level: 7
  Status: True
*************************
