[2024-03-24 04:08:54 UTC+8] [DEBUG] [logger.py line 32] Deleted log file: logs/log_20240317.log
[2024-03-24 04:08:54 UTC+8] [INFO] [utils.py line 38] Load config environment variable 'WEIBO_PARAMS'.
[2024-03-24 04:08:58 UTC+8] [INFO] [main.py line 84] Successfully signed in 郑州大学.
[2024-03-24 04:08:59 UTC+8] [INFO] [main.py line 84] Successfully signed in gta.
[2024-03-24 04:09:00 UTC+8] [INFO] [main.py line 84] Successfully signed in Steam.
[2024-03-24 04:09:01 UTC+8] [INFO] [main.py line 84] Successfully signed in 西安电子科技大学.
[2024-03-24 04:09:02 UTC+8] [INFO] [main.py line 84] Successfully signed in 龚俊.
[2024-03-24 04:09:02 UTC+8] [INFO] [main.py line 93] 
*************************
  Date: 2024-03-24
  SuperTalk: 郑州大学
  Level: 11
  Status: True
*************************
  Date: 2024-03-24
  SuperTalk: gta
  Level: 9
  Status: True
*************************
  Date: 2024-03-24
  SuperTalk: Steam
  Level: 9
  Status: True
*************************
  Date: 2024-03-24
  SuperTalk: 西安电子科技大学
  Level: 9
  Status: True
*************************
  Date: 2024-03-24
  SuperTalk: 龚俊
  Level: 6
  Status: True
*************************
