[2023-09-20 04:08:31 UTC+8] [INFO] [main.py line 76] Successfully signed in 郑州大学.
[2023-09-20 04:08:32 UTC+8] [INFO] [main.py line 76] Successfully signed in 西安电子科技大学.
[2023-09-20 04:08:33 UTC+8] [INFO] [main.py line 76] Successfully signed in Steam.
[2023-09-20 04:08:33 UTC+8] [INFO] [main.py line 85] 
*************************
  Date: 2023-09-20
  SuperTalk: 郑州大学
  Level: 11
  Status: True
*************************
  Date: 2023-09-20
  SuperTalk: 西安电子科技大学
  Level: 4
  Status: True
*************************
  Date: 2023-09-20
  SuperTalk: Steam
  Level: 3
  Status: True
*************************
