[2023-09-21 04:08:39 UTC+8] [INFO] [main.py line 76] Successfully signed in 郑州大学.
[2023-09-21 04:08:40 UTC+8] [INFO] [main.py line 76] Successfully signed in 西安电子科技大学.
[2023-09-21 04:08:41 UTC+8] [INFO] [main.py line 76] Successfully signed in Steam.
[2023-09-21 04:08:41 UTC+8] [INFO] [main.py line 85] 
*************************
  Date: 2023-09-21
  SuperTalk: 郑州大学
  Level: 11
  Status: True
*************************
  Date: 2023-09-21
  SuperTalk: 西安电子科技大学
  Level: 4
  Status: True
*************************
  Date: 2023-09-21
  SuperTalk: Steam
  Level: 3
  Status: True
*************************
