[2024-03-27 04:09:06 UTC+8] [DEBUG] [logger.py line 32] Deleted log file: logs/log_20240320.log
[2024-03-27 04:09:06 UTC+8] [INFO] [utils.py line 38] Load config environment variable 'WEIBO_PARAMS'.
[2024-03-27 04:09:09 UTC+8] [INFO] [main.py line 84] Successfully signed in 郑州大学.
[2024-03-27 04:09:10 UTC+8] [INFO] [main.py line 84] Successfully signed in gta.
[2024-03-27 04:09:11 UTC+8] [INFO] [main.py line 84] Successfully signed in Steam.
[2024-03-27 04:09:12 UTC+8] [INFO] [main.py line 84] Successfully signed in 西安电子科技大学.
[2024-03-27 04:09:13 UTC+8] [INFO] [main.py line 84] Successfully signed in 龚俊.
[2024-03-27 04:09:13 UTC+8] [INFO] [main.py line 93] 
*************************
  Date: 2024-03-27
  SuperTalk: 郑州大学
  Level: 11
  Status: True
*************************
  Date: 2024-03-27
  SuperTalk: gta
  Level: 9
  Status: True
*************************
  Date: 2024-03-27
  SuperTalk: Steam
  Level: 9
  Status: True
*************************
  Date: 2024-03-27
  SuperTalk: 西安电子科技大学
  Level: 9
  Status: True
*************************
  Date: 2024-03-27
  SuperTalk: 龚俊
  Level: 6
  Status: True
*************************
