[2023-12-24 04:08:08 UTC+8] [DEBUG] [logger.py line 32] Deleted log file: logs/log_20231210.log
[2023-12-24 04:08:08 UTC+8] [INFO] [utils.py line 38] Load config environment variable 'WEIBO_PARAMS'.
[2023-12-24 04:08:10 UTC+8] [INFO] [main.py line 84] Successfully signed in 郑州大学.
[2023-12-24 04:08:11 UTC+8] [INFO] [main.py line 84] Successfully signed in gta.
[2023-12-24 04:08:12 UTC+8] [INFO] [main.py line 84] Successfully signed in Steam.
[2023-12-24 04:08:13 UTC+8] [INFO] [main.py line 84] Successfully signed in 西安电子科技大学.
[2023-12-24 04:08:13 UTC+8] [INFO] [main.py line 93] 
*************************
  Date: 2023-12-24
  SuperTalk: 郑州大学
  Level: 11
  Status: True
*************************
  Date: 2023-12-24
  SuperTalk: gta
  Level: 8
  Status: True
*************************
  Date: 2023-12-24
  SuperTalk: Steam
  Level: 8
  Status: True
*************************
  Date: 2023-12-24
  SuperTalk: 西安电子科技大学
  Level: 8
  Status: True
*************************
