[2023-12-03 04:08:16 UTC+8] [DEBUG] [logger.py line 32] Deleted log file: logs/log_20231119.log
[2023-12-03 04:08:16 UTC+8] [INFO] [utils.py line 38] Load config environment variable 'WEIBO_PARAMS'.
[2023-12-03 04:08:18 UTC+8] [INFO] [main.py line 84] Successfully signed in 郑州大学.
[2023-12-03 04:08:19 UTC+8] [INFO] [main.py line 84] Successfully signed in Steam.
[2023-12-03 04:08:20 UTC+8] [INFO] [main.py line 84] Successfully signed in 西安电子科技大学.
[2023-12-03 04:08:21 UTC+8] [INFO] [main.py line 84] Successfully signed in gta.
[2023-12-03 04:08:21 UTC+8] [INFO] [main.py line 93] 
*************************
  Date: 2023-12-03
  SuperTalk: 郑州大学
  Level: 11
  Status: True
*************************
  Date: 2023-12-03
  SuperTalk: Steam
  Level: 8
  Status: True
*************************
  Date: 2023-12-03
  SuperTalk: 西安电子科技大学
  Level: 8
  Status: True
*************************
  Date: 2023-12-03
  SuperTalk: gta
  Level: 7
  Status: True
*************************
