[2024-03-23 04:08:53 UTC+8] [DEBUG] [logger.py line 32] Deleted log file: logs/log_20240316.log
[2024-03-23 04:08:53 UTC+8] [INFO] [utils.py line 38] Load config environment variable 'WEIBO_PARAMS'.
[2024-03-23 04:08:55 UTC+8] [INFO] [main.py line 84] Successfully signed in 郑州大学.
[2024-03-23 04:08:56 UTC+8] [INFO] [main.py line 84] Successfully signed in gta.
[2024-03-23 04:08:57 UTC+8] [INFO] [main.py line 84] Successfully signed in Steam.
[2024-03-23 04:08:57 UTC+8] [INFO] [main.py line 84] Successfully signed in 西安电子科技大学.
[2024-03-23 04:08:58 UTC+8] [INFO] [main.py line 84] Successfully signed in 龚俊.
[2024-03-23 04:08:58 UTC+8] [INFO] [main.py line 93] 
*************************
  Date: 2024-03-23
  SuperTalk: 郑州大学
  Level: 11
  Status: True
*************************
  Date: 2024-03-23
  SuperTalk: gta
  Level: 9
  Status: True
*************************
  Date: 2024-03-23
  SuperTalk: Steam
  Level: 9
  Status: True
*************************
  Date: 2024-03-23
  SuperTalk: 西安电子科技大学
  Level: 9
  Status: True
*************************
  Date: 2024-03-23
  SuperTalk: 龚俊
  Level: 6
  Status: True
*************************
