[2023-11-07 04:08:52 UTC+8] [DEBUG] [logger.py line 32] Deleted log file: logs/log_20231024.log
[2023-11-07 04:08:52 UTC+8] [INFO] [utils.py line 38] Load config environment variable 'WEIBO_PARAMS'.
[2023-11-07 04:08:55 UTC+8] [INFO] [main.py line 84] Successfully signed in 郑州大学.
[2023-11-07 04:08:56 UTC+8] [INFO] [main.py line 84] Successfully signed in gta.
[2023-11-07 04:08:57 UTC+8] [INFO] [main.py line 84] Successfully signed in Steam.
[2023-11-07 04:08:58 UTC+8] [INFO] [main.py line 84] Successfully signed in 西安电子科技大学.
[2023-11-07 04:08:58 UTC+8] [INFO] [main.py line 93] 
*************************
  Date: 2023-11-07
  SuperTalk: 郑州大学
  Level: 11
  Status: True
*************************
  Date: 2023-11-07
  SuperTalk: gta
  Level: 7
  Status: True
*************************
  Date: 2023-11-07
  SuperTalk: Steam
  Level: 7
  Status: True
*************************
  Date: 2023-11-07
  SuperTalk: 西安电子科技大学
  Level: 7
  Status: True
*************************
