[2023-10-21 04:08:30 UTC+8] [DEBUG] [logger.py line 32] Deleted log file: logs/log_20231007.log
[2023-10-21 04:08:30 UTC+8] [INFO] [utils.py line 38] Load config environment variable 'WEIBO_PARAMS'.
[2023-10-21 04:08:32 UTC+8] [INFO] [main.py line 84] Successfully signed in 郑州大学.
[2023-10-21 04:08:33 UTC+8] [INFO] [main.py line 84] Successfully signed in Steam.
[2023-10-21 04:08:33 UTC+8] [INFO] [main.py line 84] Successfully signed in 西安电子科技大学.
[2023-10-21 04:08:34 UTC+8] [INFO] [main.py line 84] Successfully signed in gta.
[2023-10-21 04:08:34 UTC+8] [INFO] [main.py line 93] 
*************************
  Date: 2023-10-21
  SuperTalk: 郑州大学
  Level: 11
  Status: True
*************************
  Date: 2023-10-21
  SuperTalk: Steam
  Level: 7
  Status: True
*************************
  Date: 2023-10-21
  SuperTalk: 西安电子科技大学
  Level: 7
  Status: True
*************************
  Date: 2023-10-21
  SuperTalk: gta
  Level: 6
  Status: True
*************************
