[2023-10-07 04:08:46 UTC+8] [DEBUG] [logger.py line 32] Deleted log file: logs/log_20230923.log
[2023-10-07 04:08:46 UTC+8] [INFO] [utils.py line 38] Load config environment variable 'WEIBO_PARAMS'.
[2023-10-07 04:08:48 UTC+8] [INFO] [main.py line 84] Successfully signed in 郑州大学.
[2023-10-07 04:08:49 UTC+8] [INFO] [main.py line 84] Successfully signed in Steam.
[2023-10-07 04:08:50 UTC+8] [INFO] [main.py line 84] Successfully signed in 西安电子科技大学.
[2023-10-07 04:08:50 UTC+8] [INFO] [main.py line 84] Successfully signed in gta.
[2023-10-07 04:08:50 UTC+8] [INFO] [main.py line 93] 
*************************
  Date: 2023-10-07
  SuperTalk: 郑州大学
  Level: 11
  Status: True
*************************
  Date: 2023-10-07
  SuperTalk: Steam
  Level: 6
  Status: True
*************************
  Date: 2023-10-07
  SuperTalk: 西安电子科技大学
  Level: 6
  Status: True
*************************
  Date: 2023-10-07
  SuperTalk: gta
  Level: 3
  Status: True
*************************
