[2023-12-20 04:07:53 UTC+8] [DEBUG] [logger.py line 32] Deleted log file: logs/log_20231206.log
[2023-12-20 04:07:53 UTC+8] [INFO] [utils.py line 38] Load config environment variable 'WEIBO_PARAMS'.
[2023-12-20 04:07:57 UTC+8] [INFO] [main.py line 84] Successfully signed in 郑州大学.
[2023-12-20 04:07:58 UTC+8] [INFO] [main.py line 84] Successfully signed in gta.
[2023-12-20 04:07:59 UTC+8] [INFO] [main.py line 84] Successfully signed in Steam.
[2023-12-20 04:08:00 UTC+8] [INFO] [main.py line 84] Successfully signed in 西安电子科技大学.
[2023-12-20 04:08:00 UTC+8] [INFO] [main.py line 93] 
*************************
  Date: 2023-12-20
  SuperTalk: 郑州大学
  Level: 11
  Status: True
*************************
  Date: 2023-12-20
  SuperTalk: gta
  Level: 8
  Status: True
*************************
  Date: 2023-12-20
  SuperTalk: Steam
  Level: 8
  Status: True
*************************
  Date: 2023-12-20
  SuperTalk: 西安电子科技大学
  Level: 8
  Status: True
*************************
