[2023-09-26 04:08:54 UTC+8] [INFO] [main.py line 76] Successfully signed in 郑州大学.
[2023-09-26 04:08:54 UTC+8] [INFO] [main.py line 76] Successfully signed in Steam.
[2023-09-26 04:08:55 UTC+8] [INFO] [main.py line 76] Successfully signed in 西安电子科技大学.
[2023-09-26 04:08:55 UTC+8] [INFO] [main.py line 85] 
*************************
  Date: 2023-09-26
  SuperTalk: 郑州大学
  Level: 11
  Status: True
*************************
  Date: 2023-09-26
  SuperTalk: Steam
  Level: 5
  Status: True
*************************
  Date: 2023-09-26
  SuperTalk: 西安电子科技大学
  Level: 5
  Status: True
*************************
