[2023-12-27 04:08:55 UTC+8] [DEBUG] [logger.py line 32] Deleted log file: logs/log_20231213.log
[2023-12-27 04:08:55 UTC+8] [INFO] [utils.py line 38] Load config environment variable 'WEIBO_PARAMS'.
[2023-12-27 04:08:58 UTC+8] [INFO] [main.py line 84] Successfully signed in 郑州大学.
[2023-12-27 04:08:59 UTC+8] [INFO] [main.py line 84] Successfully signed in gta.
[2023-12-27 04:09:00 UTC+8] [INFO] [main.py line 84] Successfully signed in Steam.
[2023-12-27 04:09:01 UTC+8] [INFO] [main.py line 84] Successfully signed in 西安电子科技大学.
[2023-12-27 04:09:01 UTC+8] [INFO] [main.py line 93] 
*************************
  Date: 2023-12-27
  SuperTalk: 郑州大学
  Level: 11
  Status: True
*************************
  Date: 2023-12-27
  SuperTalk: gta
  Level: 8
  Status: True
*************************
  Date: 2023-12-27
  SuperTalk: Steam
  Level: 8
  Status: True
*************************
  Date: 2023-12-27
  SuperTalk: 西安电子科技大学
  Level: 8
  Status: True
*************************
