[2023-12-12 04:09:44 UTC+8] [DEBUG] [logger.py line 32] Deleted log file: logs/log_20231128.log
[2023-12-12 04:09:44 UTC+8] [INFO] [utils.py line 38] Load config environment variable 'WEIBO_PARAMS'.
[2023-12-12 04:09:47 UTC+8] [INFO] [main.py line 84] Successfully signed in 郑州大学.
[2023-12-12 04:09:48 UTC+8] [INFO] [main.py line 84] Successfully signed in gta.
[2023-12-12 04:09:49 UTC+8] [INFO] [main.py line 84] Successfully signed in Steam.
[2023-12-12 04:09:50 UTC+8] [INFO] [main.py line 84] Successfully signed in 西安电子科技大学.
[2023-12-12 04:09:50 UTC+8] [INFO] [main.py line 93] 
*************************
  Date: 2023-12-12
  SuperTalk: 郑州大学
  Level: 11
  Status: True
*************************
  Date: 2023-12-12
  SuperTalk: gta
  Level: 8
  Status: True
*************************
  Date: 2023-12-12
  SuperTalk: Steam
  Level: 8
  Status: True
*************************
  Date: 2023-12-12
  SuperTalk: 西安电子科技大学
  Level: 8
  Status: True
*************************
