[2024-03-25 04:07:59 UTC+8] [DEBUG] [logger.py line 32] Deleted log file: logs/log_20240318.log
[2024-03-25 04:07:59 UTC+8] [INFO] [utils.py line 38] Load config environment variable 'WEIBO_PARAMS'.
[2024-03-25 04:08:03 UTC+8] [INFO] [main.py line 84] Successfully signed in 郑州大学.
[2024-03-25 04:08:04 UTC+8] [INFO] [main.py line 84] Successfully signed in gta.
[2024-03-25 04:08:05 UTC+8] [INFO] [main.py line 84] Successfully signed in Steam.
[2024-03-25 04:08:07 UTC+8] [INFO] [main.py line 84] Successfully signed in 西安电子科技大学.
[2024-03-25 04:08:08 UTC+8] [INFO] [main.py line 84] Successfully signed in 龚俊.
[2024-03-25 04:08:08 UTC+8] [INFO] [main.py line 93] 
*************************
  Date: 2024-03-25
  SuperTalk: 郑州大学
  Level: 11
  Status: True
*************************
  Date: 2024-03-25
  SuperTalk: gta
  Level: 9
  Status: True
*************************
  Date: 2024-03-25
  SuperTalk: Steam
  Level: 9
  Status: True
*************************
  Date: 2024-03-25
  SuperTalk: 西安电子科技大学
  Level: 9
  Status: True
*************************
  Date: 2024-03-25
  SuperTalk: 龚俊
  Level: 6
  Status: True
*************************
