[2024-06-02 04:08:45 UTC+8] [DEBUG] [logger.py line 32] Deleted log file: logs/log_20240526.log
[2024-06-02 04:08:45 UTC+8] [INFO] [utils.py line 38] Load config environment variable 'WEIBO_PARAMS'.
[2024-06-02 04:08:48 UTC+8] [INFO] [main.py line 84] Successfully signed in 郑州大学.
[2024-06-02 04:08:49 UTC+8] [INFO] [main.py line 84] Successfully signed in Steam.
[2024-06-02 04:08:50 UTC+8] [INFO] [main.py line 84] Successfully signed in gta.
[2024-06-02 04:08:51 UTC+8] [INFO] [main.py line 86] SuperTalk 龚俊 sign-in failed.
[2024-06-02 04:08:51 UTC+8] [INFO] [main.py line 93] 
*************************
  Date: 2024-06-02
  SuperTalk: 郑州大学
  Level: 11
  Status: True
*************************
  Date: 2024-06-02
  SuperTalk: Steam
  Level: 10
  Status: True
*************************
  Date: 2024-06-02
  SuperTalk: gta
  Level: 9
  Status: True
*************************
  Date: 2024-06-02
  SuperTalk: 龚俊
  Level: 8
  Status: False
*************************
[2024-06-02 04:08:51 UTC+8] [INFO] [utils.py line 107] Preparing to send notification ...
[2024-06-02 04:08:52 UTC+8] [INFO] [utils.py line 110] Message delivered to user ...
