[2023-10-28 04:08:40 UTC+8] [DEBUG] [logger.py line 32] Deleted log file: logs/log_20231014.log
[2023-10-28 04:08:40 UTC+8] [INFO] [utils.py line 38] Load config environment variable 'WEIBO_PARAMS'.
[2023-10-28 04:08:43 UTC+8] [INFO] [main.py line 84] Successfully signed in 郑州大学.
[2023-10-28 04:08:44 UTC+8] [INFO] [main.py line 84] Successfully signed in Steam.
[2023-10-28 04:08:45 UTC+8] [INFO] [main.py line 84] Successfully signed in 西安电子科技大学.
[2023-10-28 04:08:46 UTC+8] [INFO] [main.py line 84] Successfully signed in gta.
[2023-10-28 04:08:46 UTC+8] [INFO] [main.py line 93] 
*************************
  Date: 2023-10-28
  SuperTalk: 郑州大学
  Level: 11
  Status: True
*************************
  Date: 2023-10-28
  SuperTalk: Steam
  Level: 7
  Status: True
*************************
  Date: 2023-10-28
  SuperTalk: 西安电子科技大学
  Level: 7
  Status: True
*************************
  Date: 2023-10-28
  SuperTalk: gta
  Level: 6
  Status: True
*************************
