[2024-05-30 04:09:56 UTC+8] [DEBUG] [logger.py line 32] Deleted log file: logs/log_20240523.log
[2024-05-30 04:09:56 UTC+8] [INFO] [utils.py line 38] Load config environment variable 'WEIBO_PARAMS'.
[2024-05-30 04:09:59 UTC+8] [INFO] [main.py line 84] Successfully signed in 郑州大学.
[2024-05-30 04:10:00 UTC+8] [INFO] [main.py line 84] Successfully signed in Steam.
[2024-05-30 04:10:01 UTC+8] [INFO] [main.py line 84] Successfully signed in gta.
[2024-05-30 04:10:02 UTC+8] [INFO] [main.py line 84] Successfully signed in 龚俊.
[2024-05-30 04:10:02 UTC+8] [INFO] [main.py line 93] 
*************************
  Date: 2024-05-30
  SuperTalk: 郑州大学
  Level: 11
  Status: True
*************************
  Date: 2024-05-30
  SuperTalk: Steam
  Level: 10
  Status: True
*************************
  Date: 2024-05-30
  SuperTalk: gta
  Level: 9
  Status: True
*************************
  Date: 2024-05-30
  SuperTalk: 龚俊
  Level: 8
  Status: True
*************************
