[2023-10-04 04:09:08 UTC+8] [DEBUG] [logger.py line 32] Deleted log file: logs/log_20230920.log
[2023-10-04 04:09:09 UTC+8] [INFO] [main.py line 85] 
*************************
[2023-10-04 13:52:44 UTC+8] [INFO] [utils.py line 38] Load config environment variable 'WEIBO_PARAMS'.
[2023-10-04 13:52:46 UTC+8] [INFO] [main.py line 93] 
*************************
  Date: 2023-10-04
  SuperTalk: 郑州大学
  Level: 11
  Status: True
*************************
  Date: 2023-10-04
  SuperTalk: Steam
  Level: 6
  Status: True
*************************
  Date: 2023-10-04
  SuperTalk: 西安电子科技大学
  Level: 6
  Status: True
*************************
  Date: 2023-10-04
  SuperTalk: gta
  Level: 2
  Status: True
*************************
